<?xml version="1.0" encoding="UTF-8"?>
<!-- Generated by org.testng.reporters.JUnitReportReporter -->
<testsuite skipped="0" hostname="SL-1350" name="com.saucelabs.example.CarLoanTest" tests="2" failures="0" timestamp="04 Mar 2021 01:08:32 GMT" time="201.784" errors="0">
  <testcase name="calculateCarLoan" time="66.509" classname="com.saucelabs.example.CarLoanTest"/>
  <testcase name="calculateCarLoan" time="135.275" classname="com.saucelabs.example.CarLoanTest"/>
</testsuite> <!-- com.saucelabs.example.CarLoanTest -->
